2017-06-21 10:36:38.093  INFO 2528 --- [main] c.s.m.ServiceApplication                 : Starting ServiceApplication on EC2AMAZ-BGQEHHU with PID 2528 (C:\Code\microservice-template\build\classes\main started by IgniteAdmin in C:\Code\microservice-template)
2017-06-21 10:36:38.097  INFO 2528 --- [main] c.s.m.ServiceApplication                 : No active profile set, falling back to default profiles: default
2017-06-21 10:36:38.159  INFO 2528 --- [main] ationConfigEmbeddedWebApplicationContext : Refreshing org.springframework.boot.context.embedded.AnnotationConfigEmbeddedWebApplicationContext@460d0a57: startup date [Wed Jun 21 10:36:38 BST 2017]; root of context hierarchy
2017-06-21 10:36:39.819  INFO 2528 --- [main] trationDelegate$BeanPostProcessorChecker : Bean 'org.springframework.boot.autoconfigure.validation.ValidationAutoConfiguration' of type [class org.springframework.boot.autoconfigure.validation.ValidationAutoConfiguration] is not eligible for getting processed by all BeanPostProcessors (for example: not eligible for auto-proxying)
2017-06-21 10:36:39.942  INFO 2528 --- [main] trationDelegate$BeanPostProcessorChecker : Bean 'validator' of type [class org.springframework.validation.beanvalidation.LocalValidatorFactoryBean] is not eligible for getting processed by all BeanPostProcessors (for example: not eligible for auto-proxying)
2017-06-21 10:36:40.478  INFO 2528 --- [main] s.b.c.e.t.TomcatEmbeddedServletContainer : Tomcat initialized with port(s): 8080 (http)
2017-06-21 10:36:40.499  INFO 2528 --- [main] o.apache.catalina.core.StandardService   : Starting service Tomcat
2017-06-21 10:36:40.500  INFO 2528 --- [main] org.apache.catalina.core.StandardEngine  : Starting Servlet Engine: Apache Tomcat/8.5.11
2017-06-21 10:36:40.622  INFO 2528 --- [localhost-startStop-1] o.a.c.c.C.[Tomcat].[localhost].[/]       : Initializing Spring embedded WebApplicationContext
2017-06-21 10:36:40.622  INFO 2528 --- [localhost-startStop-1] o.s.web.context.ContextLoader            : Root WebApplicationContext: initialization completed in 2469 ms
2017-06-21 10:36:40.872  INFO 2528 --- [localhost-startStop-1] o.s.b.w.servlet.ServletRegistrationBean  : Mapping servlet: 'dispatcherServlet' to [/]
2017-06-21 10:36:40.876  INFO 2528 --- [localhost-startStop-1] o.s.b.w.servlet.FilterRegistrationBean   : Mapping filter: 'metricsFilter' to: [/*]
2017-06-21 10:36:40.880  INFO 2528 --- [localhost-startStop-1] o.s.b.w.servlet.FilterRegistrationBean   : Mapping filter: 'characterEncodingFilter' to: [/*]
2017-06-21 10:36:40.880  INFO 2528 --- [localhost-startStop-1] o.s.b.w.servlet.FilterRegistrationBean   : Mapping filter: 'hiddenHttpMethodFilter' to: [/*]
2017-06-21 10:36:40.881  INFO 2528 --- [localhost-startStop-1] o.s.b.w.servlet.FilterRegistrationBean   : Mapping filter: 'httpPutFormContentFilter' to: [/*]
2017-06-21 10:36:40.881  INFO 2528 --- [localhost-startStop-1] o.s.b.w.servlet.FilterRegistrationBean   : Mapping filter: 'requestContextFilter' to: [/*]
2017-06-21 10:36:40.886  INFO 2528 --- [localhost-startStop-1] o.s.b.w.servlet.FilterRegistrationBean   : Mapping filter: 'webRequestLoggingFilter' to: [/*]
2017-06-21 10:36:40.886  INFO 2528 --- [localhost-startStop-1] o.s.b.w.servlet.FilterRegistrationBean   : Mapping filter: 'applicationContextIdFilter' to: [/*]
2017-06-21 10:36:41.501  INFO 2528 --- [main] s.w.s.m.m.a.RequestMappingHandlerMapping : Mapped "{[/version],methods=[GET]}" onto public com.shopdirect.version.infrastructure.model.Version com.shopdirect.version.infrastructure.resource.VersionResource.getVersion() throws com.shopdirect.version.domain.exceptions.VersionException
2017-06-21 10:36:41.503  INFO 2528 --- [main] s.w.s.m.m.a.RequestMappingHandlerMapping : Mapped "{[/swagger.json],methods=[GET],produces=[application/json || application/hal+json]}" onto public org.springframework.http.ResponseEntity<springfox.documentation.spring.web.json.Json> springfox.documentation.swagger2.web.Swagger2Controller.getDocumentation(java.lang.String,javax.servlet.http.HttpServletRequest)
2017-06-21 10:36:41.505  INFO 2528 --- [main] s.w.s.m.m.a.RequestMappingHandlerMapping : Mapped "{[/swagger-resources/configuration/security]}" onto org.springframework.http.ResponseEntity<springfox.documentation.swagger.web.SecurityConfiguration> springfox.documentation.swagger.web.ApiResourceController.securityConfiguration()
2017-06-21 10:36:41.506  INFO 2528 --- [main] s.w.s.m.m.a.RequestMappingHandlerMapping : Mapped "{[/swagger-resources]}" onto org.springframework.http.ResponseEntity<java.util.List<springfox.documentation.swagger.web.SwaggerResource>> springfox.documentation.swagger.web.ApiResourceController.swaggerResources()
2017-06-21 10:36:41.507  INFO 2528 --- [main] s.w.s.m.m.a.RequestMappingHandlerMapping : Mapped "{[/swagger-resources/configuration/ui]}" onto org.springframework.http.ResponseEntity<springfox.documentation.swagger.web.UiConfiguration> springfox.documentation.swagger.web.ApiResourceController.uiConfiguration()
2017-06-21 10:36:41.508  INFO 2528 --- [main] s.w.s.m.m.a.RequestMappingHandlerMapping : Mapped "{[/error]}" onto public org.springframework.http.ResponseEntity<java.util.Map<java.lang.String, java.lang.Object>> org.springframework.boot.autoconfigure.web.BasicErrorController.error(javax.servlet.http.HttpServletRequest)
2017-06-21 10:36:41.513  INFO 2528 --- [main] s.w.s.m.m.a.RequestMappingHandlerMapping : Mapped "{[/error],produces=[text/html]}" onto public org.springframework.web.servlet.ModelAndView org.springframework.boot.autoconfigure.web.BasicErrorController.errorHtml(javax.servlet.http.HttpServletRequest,javax.servlet.http.HttpServletResponse)
2017-06-21 10:36:41.690  INFO 2528 --- [main] o.s.b.a.e.mvc.EndpointHandlerMapping     : Mapped "{[/health || /health.json],methods=[GET],produces=[application/vnd.spring-boot.actuator.v1+json || application/json]}" onto public java.lang.Object org.springframework.boot.actuate.endpoint.mvc.HealthMvcEndpoint.invoke(javax.servlet.http.HttpServletRequest)
2017-06-21 10:36:41.960  INFO 2528 --- [main] s.w.s.m.m.a.RequestMappingHandlerAdapter : Looking for @ControllerAdvice: org.springframework.boot.context.embedded.AnnotationConfigEmbeddedWebApplicationContext@460d0a57: startup date [Wed Jun 21 10:36:38 BST 2017]; root of context hierarchy
2017-06-21 10:36:42.139  INFO 2528 --- [main] o.s.w.s.handler.SimpleUrlHandlerMapping  : Mapped URL path [/webjars/**] onto handler of type [class org.springframework.web.servlet.resource.ResourceHttpRequestHandler]
2017-06-21 10:36:42.140  INFO 2528 --- [main] o.s.w.s.handler.SimpleUrlHandlerMapping  : Mapped URL path [/**] onto handler of type [class org.springframework.web.servlet.resource.ResourceHttpRequestHandler]
2017-06-21 10:36:42.179  INFO 2528 --- [main] o.s.w.s.handler.SimpleUrlHandlerMapping  : Mapped URL path [/**/favicon.ico] onto handler of type [class org.springframework.web.servlet.resource.ResourceHttpRequestHandler]
2017-06-21 10:36:42.498  INFO 2528 --- [main] o.s.j.e.a.AnnotationMBeanExporter        : Registering beans for JMX exposure on startup
2017-06-21 10:36:42.511  INFO 2528 --- [main] o.s.c.support.DefaultLifecycleProcessor  : Starting beans in phase 0
2017-06-21 10:36:42.548  INFO 2528 --- [main] o.s.c.support.DefaultLifecycleProcessor  : Starting beans in phase 2147483647
2017-06-21 10:36:42.548  INFO 2528 --- [main] d.s.w.p.DocumentationPluginsBootstrapper : Context refreshed
2017-06-21 10:36:42.575  INFO 2528 --- [main] d.s.w.p.DocumentationPluginsBootstrapper : Found 1 custom documentation plugin(s)
2017-06-21 10:36:42.588  INFO 2528 --- [main] s.d.s.w.s.ApiListingReferenceScanner     : Scanning for api listing references
2017-06-21 10:36:42.664  INFO 2528 --- [main] s.b.c.e.t.TomcatEmbeddedServletContainer : Tomcat started on port(s): 8080 (http)
2017-06-21 10:36:42.670  INFO 2528 --- [main] c.s.m.ServiceApplication                 : Started ServiceApplication in 5.126 seconds (JVM running for 6.348)
2017-06-21 10:36:48.487  INFO 2528 --- [http-nio-8080-exec-1] o.a.c.c.C.[Tomcat].[localhost].[/]       : Initializing Spring FrameworkServlet 'dispatcherServlet'
2017-06-21 10:36:48.491  INFO 2528 --- [http-nio-8080-exec-1] o.s.web.servlet.DispatcherServlet        : FrameworkServlet 'dispatcherServlet': initialization started
2017-06-21 10:36:48.513  INFO 2528 --- [http-nio-8080-exec-1] o.s.web.servlet.DispatcherServlet        : FrameworkServlet 'dispatcherServlet': initialization completed in 19 ms
2017-06-21 10:37:19.391  INFO 4184 --- [main] c.s.m.ServiceApplication                 : Starting ServiceApplication on EC2AMAZ-BGQEHHU with PID 4184 (C:\Code\microservice-template\build\classes\main started by IgniteAdmin in C:\Code\microservice-template)
2017-06-21 10:37:19.396  INFO 4184 --- [main] c.s.m.ServiceApplication                 : No active profile set, falling back to default profiles: default
2017-06-21 10:37:19.558  INFO 4184 --- [main] ationConfigEmbeddedWebApplicationContext : Refreshing org.springframework.boot.context.embedded.AnnotationConfigEmbeddedWebApplicationContext@56528192: startup date [Wed Jun 21 10:37:19 BST 2017]; root of context hierarchy
2017-06-21 10:37:21.984  INFO 4184 --- [main] trationDelegate$BeanPostProcessorChecker : Bean 'org.springframework.boot.autoconfigure.validation.ValidationAutoConfiguration' of type [class org.springframework.boot.autoconfigure.validation.ValidationAutoConfiguration] is not eligible for getting processed by all BeanPostProcessors (for example: not eligible for auto-proxying)
2017-06-21 10:37:22.133  INFO 4184 --- [main] trationDelegate$BeanPostProcessorChecker : Bean 'validator' of type [class org.springframework.validation.beanvalidation.LocalValidatorFactoryBean] is not eligible for getting processed by all BeanPostProcessors (for example: not eligible for auto-proxying)
2017-06-21 10:37:22.537  INFO 4184 --- [main] s.b.c.e.t.TomcatEmbeddedServletContainer : Tomcat initialized with port(s): 8080 (http)
2017-06-21 10:37:22.550  INFO 4184 --- [main] o.apache.catalina.core.StandardService   : Starting service Tomcat
2017-06-21 10:37:22.551  INFO 4184 --- [main] org.apache.catalina.core.StandardEngine  : Starting Servlet Engine: Apache Tomcat/8.5.11
2017-06-21 10:37:22.661  INFO 4184 --- [localhost-startStop-1] o.a.c.c.C.[Tomcat].[localhost].[/]       : Initializing Spring embedded WebApplicationContext
2017-06-21 10:37:22.662  INFO 4184 --- [localhost-startStop-1] o.s.web.context.ContextLoader            : Root WebApplicationContext: initialization completed in 3122 ms
2017-06-21 10:37:22.943  INFO 4184 --- [localhost-startStop-1] o.s.b.w.servlet.ServletRegistrationBean  : Mapping servlet: 'dispatcherServlet' to [/]
2017-06-21 10:37:22.947  INFO 4184 --- [localhost-startStop-1] o.s.b.w.servlet.FilterRegistrationBean   : Mapping filter: 'metricsFilter' to: [/*]
2017-06-21 10:37:22.951  INFO 4184 --- [localhost-startStop-1] o.s.b.w.servlet.FilterRegistrationBean   : Mapping filter: 'characterEncodingFilter' to: [/*]
2017-06-21 10:37:22.952  INFO 4184 --- [localhost-startStop-1] o.s.b.w.servlet.FilterRegistrationBean   : Mapping filter: 'hiddenHttpMethodFilter' to: [/*]
2017-06-21 10:37:22.952  INFO 4184 --- [localhost-startStop-1] o.s.b.w.servlet.FilterRegistrationBean   : Mapping filter: 'httpPutFormContentFilter' to: [/*]
2017-06-21 10:37:22.952  INFO 4184 --- [localhost-startStop-1] o.s.b.w.servlet.FilterRegistrationBean   : Mapping filter: 'requestContextFilter' to: [/*]
2017-06-21 10:37:22.956  INFO 4184 --- [localhost-startStop-1] o.s.b.w.servlet.FilterRegistrationBean   : Mapping filter: 'webRequestLoggingFilter' to: [/*]
2017-06-21 10:37:22.956  INFO 4184 --- [localhost-startStop-1] o.s.b.w.servlet.FilterRegistrationBean   : Mapping filter: 'applicationContextIdFilter' to: [/*]
2017-06-21 10:37:23.521  INFO 4184 --- [main] s.w.s.m.m.a.RequestMappingHandlerMapping : Mapped "{[/version],methods=[GET]}" onto public com.shopdirect.version.infrastructure.model.Version com.shopdirect.version.infrastructure.resource.VersionResource.getVersion() throws com.shopdirect.version.domain.exceptions.VersionException
2017-06-21 10:37:23.523  INFO 4184 --- [main] s.w.s.m.m.a.RequestMappingHandlerMapping : Mapped "{[/swagger.json],methods=[GET],produces=[application/json || application/hal+json]}" onto public org.springframework.http.ResponseEntity<springfox.documentation.spring.web.json.Json> springfox.documentation.swagger2.web.Swagger2Controller.getDocumentation(java.lang.String,javax.servlet.http.HttpServletRequest)
2017-06-21 10:37:23.525  INFO 4184 --- [main] s.w.s.m.m.a.RequestMappingHandlerMapping : Mapped "{[/swagger-resources/configuration/ui]}" onto org.springframework.http.ResponseEntity<springfox.documentation.swagger.web.UiConfiguration> springfox.documentation.swagger.web.ApiResourceController.uiConfiguration()
2017-06-21 10:37:23.526  INFO 4184 --- [main] s.w.s.m.m.a.RequestMappingHandlerMapping : Mapped "{[/swagger-resources]}" onto org.springframework.http.ResponseEntity<java.util.List<springfox.documentation.swagger.web.SwaggerResource>> springfox.documentation.swagger.web.ApiResourceController.swaggerResources()
2017-06-21 10:37:23.526  INFO 4184 --- [main] s.w.s.m.m.a.RequestMappingHandlerMapping : Mapped "{[/swagger-resources/configuration/security]}" onto org.springframework.http.ResponseEntity<springfox.documentation.swagger.web.SecurityConfiguration> springfox.documentation.swagger.web.ApiResourceController.securityConfiguration()
2017-06-21 10:37:23.528  INFO 4184 --- [main] s.w.s.m.m.a.RequestMappingHandlerMapping : Mapped "{[/error]}" onto public org.springframework.http.ResponseEntity<java.util.Map<java.lang.String, java.lang.Object>> org.springframework.boot.autoconfigure.web.BasicErrorController.error(javax.servlet.http.HttpServletRequest)
2017-06-21 10:37:23.537  INFO 4184 --- [main] s.w.s.m.m.a.RequestMappingHandlerMapping : Mapped "{[/error],produces=[text/html]}" onto public org.springframework.web.servlet.ModelAndView org.springframework.boot.autoconfigure.web.BasicErrorController.errorHtml(javax.servlet.http.HttpServletRequest,javax.servlet.http.HttpServletResponse)
2017-06-21 10:37:23.732  INFO 4184 --- [main] o.s.b.a.e.mvc.EndpointHandlerMapping     : Mapped "{[/health || /health.json],methods=[GET],produces=[application/vnd.spring-boot.actuator.v1+json || application/json]}" onto public java.lang.Object org.springframework.boot.actuate.endpoint.mvc.HealthMvcEndpoint.invoke(javax.servlet.http.HttpServletRequest)
2017-06-21 10:37:23.890  INFO 4184 --- [main] s.w.s.m.m.a.RequestMappingHandlerAdapter : Looking for @ControllerAdvice: org.springframework.boot.context.embedded.AnnotationConfigEmbeddedWebApplicationContext@56528192: startup date [Wed Jun 21 10:37:19 BST 2017]; root of context hierarchy
2017-06-21 10:37:23.943  INFO 4184 --- [main] o.s.w.s.handler.SimpleUrlHandlerMapping  : Mapped URL path [/webjars/**] onto handler of type [class org.springframework.web.servlet.resource.ResourceHttpRequestHandler]
2017-06-21 10:37:23.943  INFO 4184 --- [main] o.s.w.s.handler.SimpleUrlHandlerMapping  : Mapped URL path [/**] onto handler of type [class org.springframework.web.servlet.resource.ResourceHttpRequestHandler]
2017-06-21 10:37:23.981  INFO 4184 --- [main] o.s.w.s.handler.SimpleUrlHandlerMapping  : Mapped URL path [/**/favicon.ico] onto handler of type [class org.springframework.web.servlet.resource.ResourceHttpRequestHandler]
2017-06-21 10:37:24.176  INFO 4184 --- [main] o.s.j.e.a.AnnotationMBeanExporter        : Registering beans for JMX exposure on startup
2017-06-21 10:37:24.186  INFO 4184 --- [main] o.s.c.support.DefaultLifecycleProcessor  : Starting beans in phase 0
2017-06-21 10:37:24.214  INFO 4184 --- [main] o.s.c.support.DefaultLifecycleProcessor  : Starting beans in phase 2147483647
2017-06-21 10:37:24.214  INFO 4184 --- [main] d.s.w.p.DocumentationPluginsBootstrapper : Context refreshed
2017-06-21 10:37:24.237  INFO 4184 --- [main] d.s.w.p.DocumentationPluginsBootstrapper : Found 1 custom documentation plugin(s)
2017-06-21 10:37:24.250  INFO 4184 --- [main] s.d.s.w.s.ApiListingReferenceScanner     : Scanning for api listing references
2017-06-21 10:37:24.314  INFO 4184 --- [main] s.b.c.e.t.TomcatEmbeddedServletContainer : Tomcat started on port(s): 8080 (http)
2017-06-21 10:37:24.319  INFO 4184 --- [main] c.s.m.ServiceApplication                 : Started ServiceApplication in 5.397 seconds (JVM running for 5.806)
2017-06-21 10:37:26.041  INFO 4184 --- [http-nio-8080-exec-1] o.a.c.c.C.[Tomcat].[localhost].[/]       : Initializing Spring FrameworkServlet 'dispatcherServlet'
2017-06-21 10:37:26.046  INFO 4184 --- [http-nio-8080-exec-1] o.s.web.servlet.DispatcherServlet        : FrameworkServlet 'dispatcherServlet': initialization started
2017-06-21 10:37:26.066  INFO 4184 --- [http-nio-8080-exec-1] o.s.web.servlet.DispatcherServlet        : FrameworkServlet 'dispatcherServlet': initialization completed in 17 ms
2017-06-21 10:37:24.319  INFO 4184 --- [main] c.s.m.ServiceApplication                 : Started ServiceApplication in 5.397 seconds (JVM running for 5.806)
2017-06-21 10:37:26.041  INFO 4184 --- [http-nio-8080-exec-1] o.a.c.c.C.[Tomcat].[localhost].[/]       : Initializing Spring FrameworkServlet 'dispatcherServlet'
2017-06-21 10:37:26.046  INFO 4184 --- [http-nio-8080-exec-1] o.s.web.servlet.DispatcherServlet        : FrameworkServlet 'dispatcherServlet': initialization started
2017-06-21 10:37:26.066  INFO 4184 --- [http-nio-8080-exec-1] o.s.web.servlet.DispatcherServlet        : FrameworkServlet 'dispatcherServlet': initialization completed in 17 ms
